[debug] [2020-10-06T12:39:56.100Z] ----------------------------------------------------------------------
[debug] [2020-10-06T12:39:56.103Z] Command:       C:\Program Files\nodejs\node.exe C:\Users\shiva\AppData\Roaming\npm\node_modules\firebase-tools\lib\bin\firebase.js init
[debug] [2020-10-06T12:39:56.103Z] CLI Version:   8.12.0
[debug] [2020-10-06T12:39:56.103Z] Platform:      win32
[debug] [2020-10-06T12:39:56.103Z] Node Version:  v10.15.1
[debug] [2020-10-06T12:39:56.105Z] Time:          Tue Oct 06 2020 18:09:56 GMT+0530 (India Standard Time)
[debug] [2020-10-06T12:39:56.105Z] ----------------------------------------------------------------------
[debug] [2020-10-06T12:39:56.106Z] 
[debug] [2020-10-06T12:39:56.115Z] > command requires scopes: ["email","openid","https://www.googleapis.com/auth/cloudplatformprojects.readonly","https://www.googleapis.com/auth/firebase","https://www.googleapis.com/auth/cloud-platform"]
[debug] [2020-10-06T12:39:56.115Z] > authorizing via signed-in user
[info] 
     ######## #### ########  ######## ########     ###     ######  ########
     ##        ##  ##     ## ##       ##     ##  ##   ##  ##       ##
     ######    ##  ########  ######   ########  #########  ######  ######
     ##        ##  ##    ##  ##       ##     ## ##     ##       ## ##
     ##       #### ##     ## ######## ########  ##     ##  ######  ########

You're about to initialize a Firebase project in this directory:

  C:\Users\shiva\Desktop\track-panel

[info] 
=== Project Setup
[info] 
[info] First, let's associate this project directory with a Firebase project.
[info] You can create multiple project aliases by running firebase use --add, 
[info] but for now we'll just set up a default project.
[info] 
[info] i  If you want to create a project in a Google Cloud organization or folder, please use "firebase projects:create" instead, and return to this command when you've created the project. 
